<?xml version="1.0" encoding="UTF-8"?>
<testsuite xmlns:xsi="http://www.w3.org/2001/XMLSchema-instance" xsi:noNamespaceSchemaLocation="https://maven.apache.org/surefire/maven-surefire-plugin/xsd/surefire-test-report.xsd" name="options.RunBddTests" time="3.179" tests="28" errors="0" skipped="0" failures="4">
  <properties>
    <property name="gopherProxySet" value="false"/>
    <property name="awt.toolkit" value="sun.lwawt.macosx.LWCToolkit"/>
    <property name="file.encoding.pkg" value="sun.io"/>
    <property name="java.specification.version" value="1.8"/>
    <property name="sun.cpu.isalist" value=""/>
    <property name="sun.jnu.encoding" value="UTF-8"/>
    <property name="java.class.path" value="/Users/myrepublicid/Documents/product-mgmt-bdd/target/test-classes:/Users/myrepublicid/Documents/product-mgmt-bdd/target/classes:/Users/myrepublicid/.m2/repository/io/rest-assured/rest-assured/3.0.0/rest-assured-3.0.0.jar:/Users/myrepublicid/.m2/repository/org/codehaus/groovy/groovy/2.4.6/groovy-2.4.6.jar:/Users/myrepublicid/.m2/repository/org/codehaus/groovy/groovy-xml/2.4.6/groovy-xml-2.4.6.jar:/Users/myrepublicid/.m2/repository/org/apache/httpcomponents/httpclient/4.5.2/httpclient-4.5.2.jar:/Users/myrepublicid/.m2/repository/org/apache/httpcomponents/httpcore/4.4.4/httpcore-4.4.4.jar:/Users/myrepublicid/.m2/repository/commons-logging/commons-logging/1.2/commons-logging-1.2.jar:/Users/myrepublicid/.m2/repository/commons-codec/commons-codec/1.9/commons-codec-1.9.jar:/Users/myrepublicid/.m2/repository/org/apache/httpcomponents/httpmime/4.5.1/httpmime-4.5.1.jar:/Users/myrepublicid/.m2/repository/org/hamcrest/hamcrest-core/1.3/hamcrest-core-1.3.jar:/Users/myrepublicid/.m2/repository/org/hamcrest/hamcrest-library/1.3/hamcrest-library-1.3.jar:/Users/myrepublicid/.m2/repository/org/ccil/cowan/tagsoup/tagsoup/1.2.1/tagsoup-1.2.1.jar:/Users/myrepublicid/.m2/repository/io/rest-assured/json-path/3.0.0/json-path-3.0.0.jar:/Users/myrepublicid/.m2/repository/org/codehaus/groovy/groovy-json/2.4.6/groovy-json-2.4.6.jar:/Users/myrepublicid/.m2/repository/io/rest-assured/rest-assured-common/3.0.0/rest-assured-common-3.0.0.jar:/Users/myrepublicid/.m2/repository/io/rest-assured/xml-path/3.0.0/xml-path-3.0.0.jar:/Users/myrepublicid/.m2/repository/org/apache/commons/commons-lang3/3.4/commons-lang3-3.4.jar:/Users/myrepublicid/.m2/repository/junit/junit/4.11/junit-4.11.jar:/Users/myrepublicid/.m2/repository/info/cukes/cucumber-java8/1.2.5/cucumber-java8-1.2.5.jar:/Users/myrepublicid/.m2/repository/info/cukes/cucumber-java/1.2.5/cucumber-java-1.2.5.jar:/Users/myrepublicid/.m2/repository/info/cukes/cucumber-junit/1.2.5/cucumber-junit-1.2.5.jar:/Users/myrepublicid/.m2/repository/info/cukes/cucumber-core/1.2.5/cucumber-core-1.2.5.jar:/Users/myrepublicid/.m2/repository/info/cukes/cucumber-html/0.2.3/cucumber-html-0.2.3.jar:/Users/myrepublicid/.m2/repository/info/cukes/cucumber-picocontainer/1.2.5/cucumber-picocontainer-1.2.5.jar:/Users/myrepublicid/.m2/repository/info/cukes/cucumber-jvm-deps/1.0.5/cucumber-jvm-deps-1.0.5.jar:/Users/myrepublicid/.m2/repository/info/cukes/gherkin/2.12.2/gherkin-2.12.2.jar:/Users/myrepublicid/.m2/repository/org/picocontainer/picocontainer/2.15/picocontainer-2.15.jar:/Users/myrepublicid/.m2/repository/com/google/code/gson/gson/2.6.2/gson-2.6.2.jar:"/>
    <property name="java.vm.vendor" value="Oracle Corporation"/>
    <property name="sun.arch.data.model" value="64"/>
    <property name="java.vendor.url" value="http://java.oracle.com/"/>
    <property name="user.timezone" value=""/>
    <property name="user.country.format" value="ID"/>
    <property name="java.vm.specification.version" value="1.8"/>
    <property name="os.name" value="Mac OS X"/>
    <property name="user.country" value="US"/>
    <property name="sun.java.launcher" value="SUN_STANDARD"/>
    <property name="sun.boot.library.path" value="/Library/Java/JavaVirtualMachines/jdk1.8.0_144.jdk/Contents/Home/jre/lib"/>
    <property name="sun.java.command" value="/Users/myrepublicid/Documents/product-mgmt-bdd/target/surefire/surefirebooter3016766384863610513.jar /Users/myrepublicid/Documents/product-mgmt-bdd/target/surefire 2017-09-20T11-35-22_123-jvmRun1 surefire8391052475019030670tmp surefire_02559930358262664001tmp"/>
    <property name="http.nonProxyHosts" value="local|*.local|169.254/16|*.169.254/16"/>
    <property name="surefire.test.class.path" value="/Users/myrepublicid/Documents/product-mgmt-bdd/target/test-classes:/Users/myrepublicid/Documents/product-mgmt-bdd/target/classes:/Users/myrepublicid/.m2/repository/io/rest-assured/rest-assured/3.0.0/rest-assured-3.0.0.jar:/Users/myrepublicid/.m2/repository/org/codehaus/groovy/groovy/2.4.6/groovy-2.4.6.jar:/Users/myrepublicid/.m2/repository/org/codehaus/groovy/groovy-xml/2.4.6/groovy-xml-2.4.6.jar:/Users/myrepublicid/.m2/repository/org/apache/httpcomponents/httpclient/4.5.2/httpclient-4.5.2.jar:/Users/myrepublicid/.m2/repository/org/apache/httpcomponents/httpcore/4.4.4/httpcore-4.4.4.jar:/Users/myrepublicid/.m2/repository/commons-logging/commons-logging/1.2/commons-logging-1.2.jar:/Users/myrepublicid/.m2/repository/commons-codec/commons-codec/1.9/commons-codec-1.9.jar:/Users/myrepublicid/.m2/repository/org/apache/httpcomponents/httpmime/4.5.1/httpmime-4.5.1.jar:/Users/myrepublicid/.m2/repository/org/hamcrest/hamcrest-core/1.3/hamcrest-core-1.3.jar:/Users/myrepublicid/.m2/repository/org/hamcrest/hamcrest-library/1.3/hamcrest-library-1.3.jar:/Users/myrepublicid/.m2/repository/org/ccil/cowan/tagsoup/tagsoup/1.2.1/tagsoup-1.2.1.jar:/Users/myrepublicid/.m2/repository/io/rest-assured/json-path/3.0.0/json-path-3.0.0.jar:/Users/myrepublicid/.m2/repository/org/codehaus/groovy/groovy-json/2.4.6/groovy-json-2.4.6.jar:/Users/myrepublicid/.m2/repository/io/rest-assured/rest-assured-common/3.0.0/rest-assured-common-3.0.0.jar:/Users/myrepublicid/.m2/repository/io/rest-assured/xml-path/3.0.0/xml-path-3.0.0.jar:/Users/myrepublicid/.m2/repository/org/apache/commons/commons-lang3/3.4/commons-lang3-3.4.jar:/Users/myrepublicid/.m2/repository/junit/junit/4.11/junit-4.11.jar:/Users/myrepublicid/.m2/repository/info/cukes/cucumber-java8/1.2.5/cucumber-java8-1.2.5.jar:/Users/myrepublicid/.m2/repository/info/cukes/cucumber-java/1.2.5/cucumber-java-1.2.5.jar:/Users/myrepublicid/.m2/repository/info/cukes/cucumber-junit/1.2.5/cucumber-junit-1.2.5.jar:/Users/myrepublicid/.m2/repository/info/cukes/cucumber-core/1.2.5/cucumber-core-1.2.5.jar:/Users/myrepublicid/.m2/repository/info/cukes/cucumber-html/0.2.3/cucumber-html-0.2.3.jar:/Users/myrepublicid/.m2/repository/info/cukes/cucumber-picocontainer/1.2.5/cucumber-picocontainer-1.2.5.jar:/Users/myrepublicid/.m2/repository/info/cukes/cucumber-jvm-deps/1.0.5/cucumber-jvm-deps-1.0.5.jar:/Users/myrepublicid/.m2/repository/info/cukes/gherkin/2.12.2/gherkin-2.12.2.jar:/Users/myrepublicid/.m2/repository/org/picocontainer/picocontainer/2.15/picocontainer-2.15.jar:/Users/myrepublicid/.m2/repository/com/google/code/gson/gson/2.6.2/gson-2.6.2.jar:"/>
    <property name="sun.cpu.endian" value="little"/>
    <property name="user.home" value="/Users/myrepublicid"/>
    <property name="user.language" value="en"/>
    <property name="java.specification.vendor" value="Oracle Corporation"/>
    <property name="java.home" value="/Library/Java/JavaVirtualMachines/jdk1.8.0_144.jdk/Contents/Home/jre"/>
    <property name="basedir" value="/Users/myrepublicid/Documents/product-mgmt-bdd"/>
    <property name="file.separator" value="/"/>
    <property name="line.separator" value="&#10;"/>
    <property name="java.vm.specification.vendor" value="Oracle Corporation"/>
    <property name="java.specification.name" value="Java Platform API Specification"/>
    <property name="java.awt.graphicsenv" value="sun.awt.CGraphicsEnvironment"/>
    <property name="surefire.real.class.path" value="/Users/myrepublicid/Documents/product-mgmt-bdd/target/surefire/surefirebooter3016766384863610513.jar"/>
    <property name="sun.boot.class.path" value="/Library/Java/JavaVirtualMachines/jdk1.8.0_144.jdk/Contents/Home/jre/lib/resources.jar:/Library/Java/JavaVirtualMachines/jdk1.8.0_144.jdk/Contents/Home/jre/lib/rt.jar:/Library/Java/JavaVirtualMachines/jdk1.8.0_144.jdk/Contents/Home/jre/lib/sunrsasign.jar:/Library/Java/JavaVirtualMachines/jdk1.8.0_144.jdk/Contents/Home/jre/lib/jsse.jar:/Library/Java/JavaVirtualMachines/jdk1.8.0_144.jdk/Contents/Home/jre/lib/jce.jar:/Library/Java/JavaVirtualMachines/jdk1.8.0_144.jdk/Contents/Home/jre/lib/charsets.jar:/Library/Java/JavaVirtualMachines/jdk1.8.0_144.jdk/Contents/Home/jre/lib/jfr.jar:/Library/Java/JavaVirtualMachines/jdk1.8.0_144.jdk/Contents/Home/jre/classes"/>
    <property name="sun.management.compiler" value="HotSpot 64-Bit Tiered Compilers"/>
    <property name="ftp.nonProxyHosts" value="local|*.local|169.254/16|*.169.254/16"/>
    <property name="java.runtime.version" value="1.8.0_144-b01"/>
    <property name="user.name" value="myrepublicid"/>
    <property name="path.separator" value=":"/>
    <property name="os.version" value="10.9.5"/>
    <property name="java.endorsed.dirs" value="/Library/Java/JavaVirtualMachines/jdk1.8.0_144.jdk/Contents/Home/jre/lib/endorsed"/>
    <property name="java.runtime.name" value="Java(TM) SE Runtime Environment"/>
    <property name="file.encoding" value="UTF-8"/>
    <property name="java.vm.name" value="Java HotSpot(TM) 64-Bit Server VM"/>
    <property name="localRepository" value="/Users/myrepublicid/.m2/repository"/>
    <property name="java.vendor.url.bug" value="http://bugreport.sun.com/bugreport/"/>
    <property name="java.io.tmpdir" value="/var/folders/pg/5_r2bkcx2dqc86jwfrnkc61r0000gp/T/"/>
    <property name="java.version" value="1.8.0_144"/>
    <property name="user.dir" value="/Users/myrepublicid/Documents/product-mgmt-bdd"/>
    <property name="os.arch" value="x86_64"/>
    <property name="java.vm.specification.name" value="Java Virtual Machine Specification"/>
    <property name="java.awt.printerjob" value="sun.lwawt.macosx.CPrinterJob"/>
    <property name="sun.os.patch.level" value="unknown"/>
    <property name="java.library.path" value="/Users/myrepublicid/Library/Java/Extensions:/Library/Java/Extensions:/Network/Library/Java/Extensions:/System/Library/Java/Extensions:/usr/lib/java:."/>
    <property name="java.vm.info" value="mixed mode"/>
    <property name="java.vendor" value="Oracle Corporation"/>
    <property name="java.vm.version" value="25.144-b01"/>
    <property name="java.ext.dirs" value="/Users/myrepublicid/Library/Java/Extensions:/Library/Java/JavaVirtualMachines/jdk1.8.0_144.jdk/Contents/Home/jre/lib/ext:/Library/Java/Extensions:/Network/Library/Java/Extensions:/System/Library/Java/Extensions:/usr/lib/java"/>
    <property name="sun.io.unicode.encoding" value="UnicodeBig"/>
    <property name="java.class.version" value="52.0"/>
    <property name="socksNonProxyHosts" value="local|*.local|169.254/16|*.169.254/16"/>
  </properties>
  <testcase name="Given system already initiate" classname="Scenario: Add new product price event" time="0.003"/>
  <testcase name="When new product price event with name &quot;&lt;name&gt;&quot; description &quot;&lt;description&gt;&quot; added with below details:" classname="Scenario: Add new product price event" time="0"/>
  <testcase name="Then price event is created" classname="Scenario: Add new product price event" time="0"/>
  <testcase name="Scenario: Add new product price event" classname="Scenario: Add new product price event" time="0"/>
  <testcase name="Given system already initiate" classname="Scenario: Add New Product" time="0"/>
  <testcase name="When new product with details below added" classname="Scenario: Add New Product" time="0"/>
  <testcase name="Then new product is created" classname="Scenario: Add New Product" time="0"/>
  <testcase name="Scenario: Add New Product" classname="Scenario: Add New Product" time="0.001"/>
  <testcase name="Given system already initiate" classname="Scenario: Add new product catalog" time="0"/>
  <testcase name="When new product catalog with detail below added" classname="Scenario: Add new product catalog" time="0"/>
  <testcase name="Then new product catalog is created" classname="Scenario: Add new product catalog" time="0.014">
    <failure message="1 expectation failed.&#10;Expected status code &lt;201&gt; doesn&apos;t match actual status code &lt;500&gt;.&#10;" type="java.lang.AssertionError"><![CDATA[java.lang.AssertionError: 
1 expectation failed.
Expected status code <201> doesn't match actual status code <500>.

]]></failure>
  </testcase>
  <testcase name="Scenario: Add new product catalog" classname="Scenario: Add new product catalog" time="0.014">
    <failure message="1 expectation failed.&#10;Expected status code &lt;201&gt; doesn&apos;t match actual status code &lt;500&gt;.&#10;" type="java.lang.AssertionError"><![CDATA[java.lang.AssertionError: 
1 expectation failed.
Expected status code <201> doesn't match actual status code <500>.

]]></failure>
  </testcase>
  <testcase name="Given system already initiate" classname="Scenario: Add new product offering price" time="0"/>
  <testcase name="When new product offering price with detail below added" classname="Scenario: Add new product offering price" time="0"/>
  <testcase name="Then new product offering price is created" classname="Scenario: Add new product offering price" time="0.001"/>
  <testcase name="Scenario: Add new product offering price" classname="Scenario: Add new product offering price" time="0.001"/>
  <testcase name="Given system already initiate" classname="Scenario: Add new product price" time="0"/>
  <testcase name="When new product price with detail below added" classname="Scenario: Add new product price" time="0"/>
  <testcase name="Then new product price is created" classname="Scenario: Add new product price" time="0.001">
    <failure message="1 expectation failed.&#10;Expected status code &lt;201&gt; doesn&apos;t match actual status code &lt;400&gt;.&#10;" type="java.lang.AssertionError"><![CDATA[java.lang.AssertionError: 
1 expectation failed.
Expected status code <201> doesn't match actual status code <400>.

]]></failure>
  </testcase>
  <testcase name="Scenario: Add new product price" classname="Scenario: Add new product price" time="0.001">
    <failure message="1 expectation failed.&#10;Expected status code &lt;201&gt; doesn&apos;t match actual status code &lt;400&gt;.&#10;" type="java.lang.AssertionError"><![CDATA[java.lang.AssertionError: 
1 expectation failed.
Expected status code <201> doesn't match actual status code <400>.

]]></failure>
  </testcase>
  <testcase name="Given system already initiate" classname="Scenario: Add New Product Specification" time="0"/>
  <testcase name="When new product specification with code &quot;inet&quot; display name &quot;Internet&quot; description &quot;Internet&quot; category &quot;atomic&quot; added" classname="Scenario: Add New Product Specification" time="0"/>
  <testcase name="Then new product specification is created" classname="Scenario: Add New Product Specification" time="0"/>
  <testcase name="Scenario: Add New Product Specification" classname="Scenario: Add New Product Specification" time="0"/>
  <testcase name="Given system already initiate" classname="Scenario: Add New Product Specification type" time="0"/>
  <testcase name="When new product specification type with code &quot;inet&quot; display name &quot;Internet&quot; added" classname="Scenario: Add New Product Specification type" time="0.001"/>
  <testcase name="Then new product specification type is created" classname="Scenario: Add New Product Specification type" time="0"/>
  <testcase name="Scenario: Add New Product Specification type" classname="Scenario: Add New Product Specification type" time="0.002"/>
</testsuite>